0

 bbbbbbbbbbb   eeeeeeeeeeee   aaaaaaaaaa   tttttttttttt   cccccccccc   hh        hh
 bbbbbbbbbbbb  eeeeeeeeeeee  aaaaaaaaaaaa  tttttttttttt  cccccccccccc  hh        hh
 bb        bb  ee            aa        aa       tt       cc        cc  hh        hh
 bb        bb  ee            aa        aa       tt       cc            hh        hh
 bb       bb   ee            aa        aa       tt       cc            hh        hh
 bbbbbbbbbb    eeeeeeee      aaaaaaaaaaaa       tt       cc            hhhhhhhhhhhh
 bbbbbbbbbb    eeeeeeee      aaaaaaaaaaaa       tt       cc            hhhhhhhhhhhh
 bb       bb   ee            aa        aa       tt       cc            hh        hh
 bb        bb  ee            aa        aa       tt       cc            hh        hh
 bb        bb  ee            aa        aa       tt       cc        cc  hh        hh
 bbbbbbbbbbbb  eeeeeeeeeeee  aa        aa       tt       cccccccccccc  hh        hh
 bbbbbbbbbbb   eeeeeeeeeeee  aa        aa       tt        cccccccccc   hh        hh

0

 HH        HH   2222222222                  2222222222     00000000     2222222222    3333333333                 BBBBBBBBBBB
 HH        HH  222222222222                222222222222   0000000000   222222222222  333333333333                BBBBBBBBBBBB
 HH        HH  22        22                22        22  00        00  22        22  33        33                BB        BB
 HH        HH            22                          22  00        00            22            33                BB        BB
 HH        HH            22                          22  00        00            22            33                BB       BB
 HHHHHHHHHHHH           22    ----------            22   00        00           22          3333    ----------   BBBBBBBBBB
 HHHHHHHHHHHH         22      ----------          22     00        00         22            3333    ----------   BBBBBBBBBB
 HH        HH       22                          22       00        00       22                 33                BB       BB
 HH        HH     22                          22         00        00     22                   33                BB        BB
 HH        HH   22                          22           00        00   22           33        33                BB        BB
 HH        HH  222222222222                222222222222   0000000000   222222222222  333333333333                BBBBBBBBBBBB
 HH        HH  222222222222                222222222222    00000000    222222222222   3333333333                 BBBBBBBBBBB

0














0

      11             444                     00000000     9999999999                  2222222222    2222222222
     111            4444              //    0000000000   999999999999           //   222222222222  222222222222
    1111           44 44             //    00        00  99        99          //    22        22  22        22
      11          44  44            //     00        00  99        99         //               22            22
      11         44   44           //      00        00  99        99        //                22            22
      11        44444444444       //       00        00  999999999999       //                22            22
      11       444444444444      //        00        00  999999999999      //               22            22
      11              44        //         00        00            99     //              22            22
      11              44       //          00        00            99    //             22            22
      11              44      //           00        00  99        99   //            22            22
  1111111111          44     //             0000000000   999999999999  //            222222222222  222222222222
  1111111111          44                     00000000     9999999999                 222222222222  222222222222

0
1  BEAM H2 Configuration - 05/08/2021, C.A. Mussolini                            


                                                                                     HOR         VERT
                    X-COORDINATE    Y-COORDINATE    -COORDINATE     GISEMENT       ANGLE        ANGLE

          INITIAL     669.23414      4590.72790     2441.57420      407.41982     1.454246    -0.000370



                                                DEFL     TILT                                       HOR       VERT     BEAM
  I   ELEMENT                         K      L      ANGLE         X           Y           Z         ANGLE     ANGLE    LENGTH

                                             M  RAD     DEG       M           M           M               RAD           M

   1 T2  CENTRE  T2                 20   0.000 0.000000   0.00  669.23414 4590.72790  2441.574  1.454246 -0.000370    0.000
   2                                 1   1.101                  669.36217 4591.82143  2441.574  1.454246 -0.000370    1.101
   3 BEGIN VAC                       1   0.000                  669.36217 4591.82143  2441.574  1.454246 -0.000370    1.101
   4                                 1   0.249                  669.39113 4592.06874  2441.574  1.454246 -0.000370    1.350
   5 MTNH020003  B3T                 8   3.600 0.005600   0.01  669.79975 4595.64548  2441.572  1.459846 -0.000371    4.950
   6                                 1   0.600                  669.86618 4596.24179  2441.572  1.459846 -0.000371    5.550
   7 MTNH020007  B3T                 8   3.600 0.005600   0.01  670.25476 4599.82075  2441.571  1.465446 -0.000373    9.150
   8                                 1  12.267                  671.54471 4612.01974  2441.566  1.465446 -0.000373   21.417
   9 END VAC                         1   0.000                  671.54471 4612.01974  2441.566  1.465446 -0.000373   21.417
  10                                 1   0.583                  671.60601 4612.59951  2441.566  1.465446 -0.000373   22.000
  11 XTAX021023                     12   1.615 0.000000   0.00  671.77584 4614.20555  2441.565  1.465446 -0.000373   23.615
  12                                 1   0.010                  671.77689 4614.21550  2441.565  1.465446 -0.000373   23.625
  13 XTAX021025                     12   1.615 0.000000   0.00  671.94671 4615.82155  2441.565  1.465446 -0.000373   25.240
  14                                 1   0.035                  671.95040 4615.85635  2441.565  1.465446 -0.000373   25.275
  15 XCIO020026  CONVERTER          20   0.100 0.000000   0.00  671.96091 4615.95580  2441.565  1.465446 -0.000373   25.375
  16                                 1   0.030                  671.96407 4615.98563  2441.565  1.465446 -0.000373   25.405
  17 BEGIN VAC                       1   0.000                  671.96407 4615.98563  2441.565  1.465446 -0.000373   25.405
  18                                 1   0.245                  671.98983 4616.22927  2441.565  1.465446 -0.000373   25.650
  19 MSNH021027  B1                  8   3.200 0.002800   0.01  672.32187 4619.41200  2441.563  1.468246 -0.000373   28.850
  20                                 1   0.350                  672.35770 4619.76016  2441.563  1.468246 -0.000373   29.200
  21 MSNH021031  B11                 8   3.200 0.000000   0.01  672.68529 4622.94335  2441.562  1.468246 -0.000373   32.400
  22                                 1   3.825                  673.07685 4626.74825  2441.561  1.468246 -0.000373   36.225
  23 QNL 021038  Q2                  2   2.990                  673.38294 4629.72254  2441.560  1.468246 -0.000373   39.215
  24                                 1   0.735                  673.45819 4630.45368  2441.559  1.468246 -0.000373   39.950
  25 QSL 021041  Q1                  2   3.000                  673.76530 4633.43792  2441.558  1.468246 -0.000373   42.950
  26                                 1   1.695                  673.93882 4635.12402  2441.558  1.468246 -0.000373   44.645
  27 XCSH021045  C1                 10   1.000 0.000000   0.00  674.04119 4636.11876  2441.557  1.468246 -0.000373   45.645
  28                                 1   0.285                  674.07036 4636.40226  2441.557  1.468246 -0.000373   45.930
  29 XCSV021046  C2                 11   1.000 0.000000   0.00  674.17273 4637.39701  2441.557  1.468246 -0.000373   46.930
  30                                 1   0.295                  674.20293 4637.69046  2441.557  1.468246 -0.000373   47.225
  31 QNL 021049  Q3                  3   2.990                  674.50902 4640.66475  2441.555  1.468246 -0.000373   50.215
  32                                 1   0.550                  674.56532 4641.21186  2441.555  1.468246 -0.000373   50.765
  33 MBNV021053  B2                  8   5.000 0.006836 -89.99  675.07717 4646.18557  2441.570  1.468248  0.006462   55.765
  34                                 1   0.660                  675.14473 4646.84209  2441.575  1.468248  0.006462   56.425
  35 MBNV021059  B2                  8   5.000 0.006836 -89.99  675.65655 4651.81558  2441.624  1.468249  0.013298   61.425
  36                                 1   0.660                  675.72411 4652.47206  2441.633  1.468249  0.013298   62.085
  37 MBNV021065  B2                  8   5.000 0.006836 -89.99  676.23587 4657.44509  2441.717  1.468251  0.020133   67.085
  38                                 1   0.405                  676.27732 4657.84789  2441.725  1.468251  0.020133   67.490
  39 XCHV021068  C3,C4              12   1.000 0.000000   0.00  676.37966 4658.84243  2441.745  1.468251  0.020133   68.490
  40                                 1   0.405                  676.42111 4659.24522  2441.753  1.468251  0.020133   68.895
  41 MBNV021071  B3                  8   5.000 0.006836 -89.99  676.93279 4664.21758  2441.871  1.468253  0.026969   73.895
  42                                 1   0.660                  677.00033 4664.87387  2441.888  1.468253  0.026969   74.555
  43 MBNV021077  B3                  8   5.000 0.006836 -89.99  677.51191 4669.84531  2442.040  1.468254  0.033805   79.555
  44                                 1   0.660                  677.57943 4670.50147  2442.063  1.468254  0.033805   80.215
  45 MBNV021083  B3                  8   5.000 0.006836 -89.99  678.09088 4675.47176  2442.249  1.468256  0.040640   85.215
  46                                 1   0.550                  678.14713 4676.01842  2442.271  1.468256  0.040640   85.765
  47 QNL 021087  Q4                  3   2.990                  678.45294 4678.99026  2442.393  1.468256  0.040640   88.755
  48                                 1   8.358                  679.30776 4687.29749  2442.732  1.468256  0.040640   97.113
  49 QNL 021099  Q5                  2   2.990                  679.61357 4690.26933  2442.854  1.468256  0.040640  100.103
  50                                 1   9.786                  680.61444 4699.99589  2443.251  1.468256  0.040640  109.889
  51 VXSV021110  VALVE               1   0.320                  680.64717 4700.31395  2443.264  1.468256  0.040640  110.209
  52                                 1  20.255                  682.71878 4720.44592  2444.087  1.468256  0.040640  130.464
  53 END VAC                         1   0.100                  682.72900 4720.54531  2444.091  1.468256  0.040640  130.564
  54                                 1   0.181                  682.74752 4720.72521  2444.099  1.468256  0.040640  130.745
  55 XWCA021131  MWPC1,2             9   0.060 0.000000   0.00  682.75365 4720.78485  2444.101  1.468256  0.040640  130.805
  56 XSCI021131  TRIG0               9   0.100 0.000000   0.00  682.76388 4720.88424  2444.105  1.468256  0.040640  130.905
  57                                 1   0.300                  682.79456 4721.18242  2444.117  1.468256  0.040640  131.205
  58 XCON021131  DEGR               20   0.100 0.000000   0.00  682.80479 4721.28181  2444.121  1.468256  0.040640  131.305
  59                                 1   0.155                  682.82064 4721.43587  2444.128  1.468256  0.040640  131.460
  60 BEGIN VAC                       1   0.100                  682.83087 4721.53526  2444.132  1.468256  0.040640  131.560
  61                                 1   0.075                  682.83854 4721.60980  2444.135  1.468256  0.040640  131.635
  62 XCHV021132  C5,C6              12   1.000 0.000000   0.00  682.94082 4722.60373  2444.175  1.468256  0.040640  132.635
  63                                 1   0.346                  682.97621 4722.94763  2444.189  1.468256  0.040640  132.981
  64 QWL 021134  Q6                  3   2.948                  683.27772 4725.87772  2444.309  1.468256  0.040640  135.929
  65                                 1   0.451                  683.32384 4726.32598  2444.328  1.468256  0.040640  136.380
  66 LSEV021137  6P1                 1   0.740                  683.39953 4727.06149  2444.358  1.468256  0.040640  137.120
  67                                 1   0.392                  683.43962 4727.45111  2444.374  1.468256  0.040640  137.512
  68 MDXV021138  TRIM1              14   0.400 0.000000 -89.99  683.48053 4727.84868  2444.390  1.468256  0.040640  137.912
  69                                 1   0.370                  683.51837 4728.21643  2444.405  1.468256  0.040640  138.282
  70 MDXH021139  TRIM2              13   0.400 0.000000   0.01  683.55928 4728.61400  2444.421  1.468256  0.040640  138.682
  71                                 1  30.065                  686.63422 4758.49638  2445.643  1.468256  0.040640  168.747
  72 QNL 021170  Q7                  2   2.990                  686.94002 4761.46822  2445.764  1.468256  0.040640  171.737
  73                                 1   8.358                  687.79485 4769.77546  2446.104  1.468256  0.040640  180.095
  74 QNL 021182  Q8                  3   2.990                  688.10065 4772.74730  2446.225  1.468256  0.040640  183.085
  75                                 1   0.295                  688.13082 4773.04050  2446.237  1.468256  0.040640  183.380
  76 XCSV021184  C7                 11   1.000 0.000000   0.00  688.23310 4774.03443  2446.278  1.468256  0.040640  184.380
  77                                 1  15.980                  689.86747 4789.91737  2446.927  1.468256  0.040640  200.360
  78 XCHV021201  C8,C9              12   1.000 0.000000   0.00  689.96975 4790.91129  2446.968  1.468256  0.040640  201.360
  79                                 1   0.310                  690.00146 4791.21941  2446.980  1.468256  0.040640  201.670
  80 MDXH021202  TRIM3              13   0.400 0.000000   0.01  690.04237 4791.61698  2446.996  1.468256  0.040640  202.070
  81                                 1  15.270                  691.60412 4806.79423  2447.617  1.468256  0.040640  217.340
  82 XCSV021218  C10                11   1.000 0.000000   0.00  691.70640 4807.78816  2447.658  1.468256  0.040640  218.340
  83                                 1   0.295                  691.73657 4808.08136  2447.670  1.468256  0.040640  218.635
  84 QNL 021220  Q8                  3   2.990                  692.04238 4811.05320  2447.791  1.468256  0.040640  221.625
  85                                 1   8.358                  692.89720 4819.36044  2448.131  1.468256  0.040640  229.983
  86 QNL 021231  Q7                  2   2.990                  693.20301 4822.33228  2448.252  1.468256  0.040640  232.973
  87                                 1  31.385                  696.41294 4853.52664  2449.527  1.468256  0.040640  264.358
  88 END VAC                         1   0.000                  696.41294 4853.52664  2449.527  1.468256  0.040640  264.358
  89                                 1   0.100                  696.42317 4853.62603  2449.531  1.468256  0.040640  264.458
  90 XSCI021264  TRIG1               9   0.100 0.000000   0.00  696.43340 4853.72543  2449.535  1.468256  0.040640  264.558
  91                                 1   0.200                  696.45385 4853.92421  2449.543  1.468256  0.040640  264.758
  92 XCON021264  ABSORBER1          20   0.100 0.000000   0.00  696.46408 4854.02361  2449.547  1.468256  0.040640  264.858
  93                                 1   0.100                  696.47431 4854.12300  2449.552  1.468256  0.040640  264.958
  94 BEGIN VAC                       1   0.000                  696.47431 4854.12300  2449.552  1.468256  0.040640  264.958
  95                                 1   0.070                  696.48147 4854.19257  2449.554  1.468256  0.040640  265.028
  96 XFFV021265  FISC1               7   0.276 0.000000   0.00  696.50970 4854.46690  2449.566  1.468256  0.040640  265.304
  97 XFFH021266  FISC2               6   0.276 0.000000   0.00  696.53793 4854.74122  2449.577  1.468256  0.040640  265.580
  98                                 1   0.271                  696.56564 4855.01057  2449.588  1.468256  0.040640  265.851
  99 QWL 021267  Q6                  3   2.948                  696.86715 4857.94067  2449.708  1.468256  0.040640  268.799
 100                                 1   0.346                  696.90254 4858.28457  2449.722  1.468256  0.040640  269.145
 101 XFFH021269  FISC4 (N)           6   0.276 0.000000   0.00  696.93077 4858.55889  2449.733  1.468256  0.040640  269.421
 102                                 1  32.196                  700.22365 4890.55933  2451.041  1.468256  0.040640  301.617
 103 QNL 021303  Q9                  2   2.990                  700.52946 4893.53117  2451.162  1.468256  0.040640  304.607
 104                                 1   8.358                  701.38428 4901.83840  2451.502  1.468256  0.040640  312.965
 105 QNL 021314  Q10                 3   2.990                  701.69009 4904.81024  2451.624  1.468256  0.040640  315.955
 106                                 1   0.550                  701.74634 4905.35690  2451.646  1.468256  0.040640  316.505
 107 MBNV021319  B4                  8   5.000-0.006848 -89.99  702.25779 4910.32719  2451.832  1.468254  0.033792  321.505
 108                                 1   0.660                  702.32531 4910.98335  2451.854  1.468254  0.033792  322.165
 109 MBNV021325  B4                  8   5.000-0.006848 -89.99  702.83689 4915.95479  2452.006  1.468253  0.026944  327.165
 110                                 1   0.660                  702.90443 4916.61109  2452.024  1.468253  0.026944  327.825
 111 MBNV021330  B4                  8   5.000-0.006848 -89.99  703.41611 4921.58345  2452.141  1.468251  0.020096  332.825
 112                                 1   0.330                  703.44989 4921.91165  2452.148  1.468251  0.020096  333.155
 113 XFFV021333  FISC5               7   0.276 0.000000   0.00  703.47813 4922.18614  2452.154  1.468251  0.020096  333.431
 114 XFFH021334  FISC6               6   0.276 0.000000   0.00  703.50638 4922.46064  2452.159  1.468251  0.020096  333.707
 115                                 1   0.928                  703.60136 4923.38358  2452.178  1.468251  0.020096  334.635
 116 MBNV021337  B5                  8   5.000-0.006848 -89.99  704.11312 4928.35662  2452.261  1.468249  0.013247  339.635
 117                                 1   0.660                  704.18068 4929.01309  2452.270  1.468249  0.013247  340.295
 118 MBNV021343  B5                  8   5.000-0.006848 -89.99  704.69249 4933.98659  2452.319  1.468248  0.006399  345.295
 119                                 1   0.660                  704.76005 4934.64311  2452.323  1.468248  0.006399  345.955
 120 MBNV021348  B5                  8   5.000-0.006848 -89.99  705.27190 4939.61682  2452.338  1.468246 -0.000449  350.955
 121                                 1   0.550                  705.32820 4940.16393  2452.338  1.468246 -0.000449  351.505
 122 QNL 021353  Q10                 3   2.990                  705.63429 4943.13822  2452.336  1.468246 -0.000449  354.495
 123                                 1   8.358                  706.48991 4951.45231  2452.333  1.468246 -0.000449  362.853
 124 QNL 021364  Q9                  2   2.990                  706.79600 4954.42660  2452.331  1.468246 -0.000449  365.843
 125                                 1  19.277                  708.76940 4973.60232  2452.323  1.468246 -0.000449  385.120
 126 END VAC                         1   0.000                  708.76940 4973.60232  2452.323  1.468246 -0.000449  385.120
 127                                 1   0.060                  708.77554 4973.66200  2452.323  1.468246 -0.000449  385.180
 128 XWCA021386  MWPC 3,4            9   0.060 0.000000   0.00  708.78168 4973.72169  2452.323  1.468246 -0.000449  385.240
 129 XSCI021386  TRIG2               9   0.100 0.000000   0.00  708.79192 4973.82116  2452.323  1.468246 -0.000449  385.340
 130                                 1   0.250                  708.81751 4974.06985  2452.323  1.468246 -0.000449  385.590
 131 XCON021386  ABSORBER2          20   0.100 0.000000   0.00  708.82775 4974.16933  2452.322  1.468246 -0.000449  385.690
 132                                 1   0.030                  708.83082 4974.19917  2452.322  1.468246 -0.000449  385.720
 133 BEGIN VAC                       1   0.000                  708.83082 4974.19917  2452.322  1.468246 -0.000449  385.720
 134                                 1   6.190                  709.46449 4980.35665  2452.320  1.468246 -0.000449  391.910
 135 XCMH021395  Disconnected        1   5.000                  709.97635 4985.33038  2452.317  1.468246 -0.000449  396.910
 136                                 1   0.405                  710.01781 4985.73325  2452.317  1.468246 -0.000449  397.315
 137 XCHV021398  C11,C12            12   1.000 0.000000   0.00  710.12018 4986.72800  2452.317  1.468246 -0.000449  398.315
 138                                 1   0.355                  710.15652 4987.08113  2452.317  1.468246 -0.000449  398.670
 139 QNL 021400  Q11                 3   2.990                  710.46261 4990.05542  2452.315  1.468246 -0.000449  401.660
 140                                 1   0.455                  710.50919 4990.50803  2452.315  1.468246 -0.000449  402.115
 141 MDXV021402  TRIM4              14   0.400 0.000000 -89.99  710.55013 4990.90593  2452.315  1.468246 -0.000449  402.515
 142                                 1   0.465                  710.59774 4991.36849  2452.315  1.468246 -0.000449  402.980
 143 MBNH021405  B6                  8   5.000 0.006000   0.01  711.09467 4996.34373  2452.312  1.474246 -0.000450  407.980
 144                                 1   6.065                  711.67933 5002.38048  2452.310  1.474246 -0.000450  414.045
 145                                 1  14.620                  713.08871 5016.93239  2452.303  1.474246 -0.000450  428.665
 146 XCSH021429  C13                10   1.000 0.000000   0.00  713.18511 5017.92773  2452.303  1.474246 -0.000450  429.665
 147                                 1   9.545                  714.10525 5027.42828  2452.298  1.474246 -0.000450  439.210
 148 MCVS021440  TRIM9              14   1.000 0.000000 -89.99  714.20165 5028.42362  2452.298  1.474246 -0.000450  440.210
 149                                 1   1.995                  714.39397 5030.40933  2452.297  1.474246 -0.000450  442.205
 150 MCVS021443  TRIM9              14   1.000 0.000000 -89.99  714.49037 5031.40467  2452.297  1.474246 -0.000450  443.205
 151                                 1   2.630                  714.74390 5034.02242  2452.295  1.474246 -0.000450  445.835
 152 QNL 021447  Q13                 3   2.990                  715.03214 5036.99850  2452.294  1.474246 -0.000450  448.825
 153                                 1   6.780                  715.68573 5043.74692  2452.291  1.474246 -0.000450  455.605
 154 QWL 021457  Q14                 2   2.948                  715.96992 5046.68119  2452.290  1.474246 -0.000450  458.553
 155                                 1   0.271                  715.99605 5046.95093  2452.290  1.474246 -0.000450  458.824
 156 XFFV021459  FISC7               7   0.276 0.000000   0.00  716.02265 5047.22564  2452.289  1.474246 -0.000450  459.100
 157 XFFH021460  FISC8               6   0.276 0.000000   0.00  716.04926 5047.50036  2452.289  1.474246 -0.000450  459.376
 158                                 1   0.070                  716.05601 5047.57003  2452.289  1.474246 -0.000450  459.446
 159 END VAC                         1   0.000                  716.05601 5047.57003  2452.289  1.474246 -0.000450  459.446
 160                                 1   0.070                  716.06276 5047.63970  2452.289  1.474246 -0.000450  459.516
 161 XWCA021461  MWPC 5,6            9   0.060 0.000000   0.00  716.06854 5047.69943  2452.289  1.474246 -0.000450  459.576
 162 XSCI021461  TRIG3               9   0.100 0.000000   0.00  716.07818 5047.79896  2452.289  1.474246 -0.000450  459.676
 163                                 1   0.100                  716.08782 5047.89849  2452.289  1.474246 -0.000450  459.776
 164                                 9   0.257 0.000000   0.00  716.11260 5048.15430  2452.289  1.474246 -0.000450  460.033
 165 XCED021463  XCED               22   6.317 0.000000   0.00  716.72156 5054.44188  2452.286  1.474246 -0.000450  466.350
 166                                 1   0.300                  716.75048 5054.74048  2452.286  1.474246 -0.000450  466.650
 167                                 1   0.100                  716.76012 5054.84001  2452.286  1.474246 -0.000450  466.750
 168                                 1   0.200                  716.77940 5055.03908  2452.286  1.474246 -0.000450  466.950
 169 XSCI021466  TRIG4 (Only with CE 9   0.100 0.000000   0.00  716.78904 5055.13862  2452.286  1.474246 -0.000450  467.050
 170                                 1   0.130                  716.80157 5055.26801  2452.286  1.474246 -0.000450  467.180
 171 BEGIN VAC                       1   0.000                  716.80157 5055.26801  2452.286  1.474246 -0.000450  467.180
 172                                 1   0.070                  716.80832 5055.33768  2452.286  1.474246 -0.000450  467.250
 173 XFFV021467  FISC9               7   0.276 0.000000   0.00  716.83492 5055.61240  2452.286  1.474246 -0.000450  467.526
 174 XFFH021468  FISC10              6   0.276 0.000000   0.00  716.86153 5055.88711  2452.286  1.474246 -0.000450  467.802
 175                                 1   0.271                  716.88765 5056.15685  2452.285  1.474246 -0.000450  468.073
 176 QWL 021470  Q15                 2   2.948                  717.17184 5059.09112  2452.284  1.474246 -0.000450  471.021
 177                                 1   6.780                  717.82544 5065.83954  2452.281  1.474246 -0.000450  477.801
 178 QNL 021479  Q16                 3   2.990                  718.11367 5068.81562  2452.280  1.474246 -0.000450  480.791
 179             Q16 to tgt          1   4.766                  718.57312 5073.55942  2452.278  1.474246 -0.000450  485.557
 180 VLETGT      VLEStart           20   0.200 0.000000   0.00  718.59240 5073.75849  2452.277  1.474246 -0.000450  485.757
 181                                 1   2.653                  718.84815 5076.39913  2452.276  1.474246 -0.000450  488.410
 182                                 1   0.162                  718.86377 5076.56038  2452.276  1.474246 -0.000450  488.572
 183 QNL         Q17n                2   2.990                  719.15200 5079.53645  2452.275  1.474246 -0.000450  491.562
 184                                 1   0.162                  719.16762 5079.69770  2452.275  1.474246 -0.000450  491.724
 185                                 1   0.400                  719.20618 5080.09583  2452.275  1.474246 -0.000450  492.124
 186                                 1   0.230                  719.22835 5080.32476  2452.274  1.474246 -0.000450  492.354
 187 QPL 021495                      2   2.000                  719.42115 5082.31545  2452.274  1.474246 -0.000450  494.354
 188                                 1   0.230                  719.44333 5082.54438  2452.273  1.474246 -0.000450  494.584
 189                                 1   0.451                  719.48680 5082.99328  2452.273  1.474246 -0.000450  495.035
 190                                 1   0.335                  719.51910 5083.32672  2452.273  1.474246 -0.000450  495.370
 191            Start Acrom VLE      1   2.000                  719.71190 5085.31740  2452.272  1.474246 -0.000450  497.370
 192                                 1   0.335                  719.74419 5085.65084  2452.272  1.474246 -0.000450  497.705
 193                                 1   0.508                  719.79316 5086.15647  2452.272  1.474246 -0.000450  498.213
 194                                 1   0.162                  719.80878 5086.31772  2452.272  1.474246 -0.000450  498.375
 195 QNL         Q18n                2   2.990                  720.09702 5089.29379  2452.270  1.474246 -0.000450  501.365
 196                                 1   0.162                  720.11263 5089.45504  2452.270  1.474246 -0.000450  501.527
 197                                 1   0.508                  720.16160 5089.96067  2452.270  1.474246 -0.000450  502.035
 198                                 1   0.335                  720.19390 5090.29411  2452.270  1.474246 -0.000450  502.370
 199                                 1   2.000                  720.38670 5092.28480  2452.269  1.474246 -0.000450  504.370
 200                                 1   0.336                  720.41909 5092.61923  2452.269  1.474246 -0.000450  504.706
 201                                 1   0.745                  720.49091 5093.36076  2452.269  1.474246 -0.000450  505.451
 202 Coll        VLE collimator      1   1.000                  720.58731 5094.35611  2452.268  1.474246 -0.000450  506.451
 203                                 1   0.350                  720.62105 5094.70448  2452.268  1.474246 -0.000450  506.801
 204                                 1   0.335                  720.65334 5095.03792  2452.268  1.474246 -0.000450  507.136
 205                                 1   2.000                  720.84614 5097.02860  2452.267  1.474246 -0.000450  509.136
 206                                 1   0.335                  720.87844 5097.36204  2452.267  1.474246 -0.000450  509.471
 207                                 1   4.330                  721.29585 5101.67187  2452.265  1.474246 -0.000450  513.801
 208                                 1   0.335                  721.32815 5102.00531  2452.265  1.474246 -0.000450  514.136
 209                                 1   2.000                  721.52095 5103.99600  2452.264  1.474246 -0.000450  516.136
 210                                 1   0.335                  721.55324 5104.32944  2452.264  1.474246 -0.000450  516.471
 211                                 1   0.451                  721.59672 5104.77834  2452.263  1.474246 -0.000450  516.922
 212                                 1   0.230                  721.61889 5105.00727  2452.263  1.474246 -0.000450  517.152
 213 QPL 021525                      2   2.000                  721.81169 5106.99795  2452.262  1.474246 -0.000450  519.152
 214                                 1   0.230                  721.83386 5107.22688  2452.262  1.474246 -0.000450  519.382
 215                                 1   1.587                  721.98685 5108.80649  2452.262  1.474246 -0.000450  520.969
 216                                 1   0.230                  722.00902 5109.03542  2452.261  1.474246 -0.000450  521.199
 217 QPL 021529                      2   2.000                  722.20182 5111.02610  2452.261  1.474246 -0.000450  523.199
 218                                 1   0.230                  722.22400 5111.25503  2452.260  1.474246 -0.000450  523.429
 219                                 1   0.800                  722.30112 5112.05131  2452.260  1.474246 -0.000450  524.229
 220                                 1   0.162                  722.31673 5112.21255  2452.260  1.474246 -0.000450  524.391
 221 QNL         Q19n                2   2.990                  722.60497 5115.18863  2452.259  1.474246 -0.000450  527.381
 222                                 1   0.162                  722.62059 5115.34987  2452.259  1.474246 -0.000450  527.543
 223                                 1   7.351                  723.32923 5122.66663  2452.255  1.474246 -0.000450  534.894
 224 END 021542  NA61TAR            20   0.000 0.000000   0.00  723.32923 5122.66663  2452.255  1.474246 -0.000450  534.894
 225                                 1   0.800                  723.40635 5123.46291  2452.255  1.474246 -0.000450  535.694
 226 MVTX1       NA61 VTX1          20   3.600 0.000000   0.01  723.75339 5127.04614  2452.253  1.474246 -0.000450  539.294
 227                                 1   0.200                  723.77267 5127.24521  2452.253  1.474246 -0.000450  539.494
 228 MVTX2       NA61 VTX2          20   3.600 0.000000   0.01  724.11971 5130.82844  2452.252  1.474246 -0.000450  543.094
 229             MTPC               20   7.000 0.000000   0.00  724.79451 5137.79584  2452.248  1.474246 -0.000450  550.094
 230                                 1   1.612                  724.94991 5139.40033  2452.248  1.474246 -0.000450  551.706
 231 BEGIN VAC                       1   0.100                  724.95955 5139.49987  2452.248  1.474246 -0.000450  551.806
 232                                 1  12.068                  726.12291 5151.51166  2452.242  1.474246 -0.000450  563.874
 233                                 1   1.000                  726.21931 5152.50700  2452.242  1.474246 -0.000450  564.874
 234                                 1   0.970                  726.31282 5153.47249  2452.241  1.474246 -0.000450  565.844
 235                                 1   1.000                  726.40922 5154.46783  2452.241  1.474246 -0.000450  566.844
 236                                 1   0.385                  726.44633 5154.85104  2452.241  1.474246 -0.000450  567.229
 237 MDXV021567  TRIM7              14   0.400 0.000000 -89.99  726.48489 5155.24917  2452.241  1.474246 -0.000450  567.629
 238                                 1   0.370                  726.52056 5155.61745  2452.240  1.474246 -0.000450  567.999
 239 MDXH021568  TRIM8              13   0.400 0.000000   0.01  726.55912 5156.01559  2452.240  1.474246 -0.000450  568.399
 240                                 1   0.235                  726.58177 5156.24949  2452.240  1.474246 -0.000450  568.634
 241 END VAC                         1   0.100                  726.59142 5156.34903  2452.240  1.474246 -0.000450  568.734
 242                                 1   0.900                  726.67818 5157.24483  2452.240  1.474246 -0.000450  569.634
 243 XTDV021571  XTDV               16   3.220 0.000000   0.00  726.98858 5160.44984  2452.238  1.474246 -0.000450  572.854
 244                                 1   0.977                  727.08277 5161.42229  2452.238  1.474246 -0.000450  573.831
 245 XDWC021573  XDWC 5,6            9   0.060 0.000000   0.00  727.08855 5161.48201  2452.238  1.474246 -0.000450  573.891
 246                                 1   0.100                  727.09819 5161.58154  2452.238  1.474246 -0.000450  573.991
 247                                 1   2.482                  727.33746 5164.05198  2452.237  1.474246 -0.000450  576.473
 248                                 1   0.060                  727.34324 5164.11170  2452.237  1.474246 -0.000450  576.533
 249                                 1   0.100                  727.35288 5164.21124  2452.236  1.474246 -0.000450  576.633
 250                                 1   0.245                  727.37650 5164.45510  2452.236  1.474246 -0.000450  576.878
 251                                 1   0.060                  727.38228 5164.51482  2452.236  1.474246 -0.000450  576.938
 252                                 1   0.100                  727.39192 5164.61435  2452.236  1.474246 -0.000450  577.038
 253                                 1   1.820                  727.56737 5166.42587  2452.235  1.474246 -0.000450  578.858
 254                                 1   0.060                  727.57316 5166.48559  2452.235  1.474246 -0.000450  578.918
 255                                 1   0.100                  727.58280 5166.58513  2452.235  1.474246 -0.000450  579.018
 256                                 1   2.980                  727.87007 5169.55125  2452.234  1.474246 -0.000450  581.998
 257             H2B                20   0.000 0.000000   0.00  727.87007 5169.55125  2452.234  1.474246 -0.000450  581.998
 258             H2B                 1   7.073                  728.55191 5176.59131  2452.231  1.474246 -0.000450  589.071
 259 EXPB        MBPL110             1   2.000                  728.74471 5178.58199  2452.230  1.474246 -0.000450  591.071
 260                                 1   0.927                  728.83407 5179.50467  2452.230  1.474246 -0.000450  591.998
 261                                 1   1.920                  729.01916 5181.41573  2452.229  1.474246 -0.000450  593.918
 262                                 1   0.060                  729.02495 5181.47545  2452.229  1.474246 -0.000450  593.978
 263                                 1   0.100                  729.03459 5181.57499  2452.229  1.474246 -0.000450  594.078
 264                                 1   1.501                  729.17928 5183.06900  2452.228  1.474246 -0.000450  595.579
 265                                 1   1.220                  729.29689 5184.28331  2452.227  1.474246 -0.000450  596.799
 266                                 1   0.380                  729.33352 5184.66154  2452.227  1.474246 -0.000450  597.179
 267                                 1   0.380                  729.37016 5185.03977  2452.227  1.474246 -0.000450  597.559
 268                                 1   2.227                  729.58484 5187.25640  2452.226  1.474246 -0.000450  599.786
 269                                 1   3.220                  729.89525 5190.46140  2452.225  1.474246 -0.000450  603.006
 270                                 1   8.600                  730.72429 5199.02135  2452.221  1.474246 -0.000450  611.606
 271 XTDV021612  DUMP               16   3.200 0.000000   0.00  731.03277 5202.20645  2452.219  1.474246 -0.000450  614.806
 272                                 1   1.000                  731.12917 5203.20179  2452.219  1.474246 -0.000450  615.806
 273                                 1  12.804                  732.36349 5215.94616  2452.213  1.474246 -0.000450  628.610
 274 VXWP021631  120My, nopumping    1   0.100                  732.37313 5216.04569  2452.213  1.474246 -0.000450  628.710
 275                                 1   0.030                  732.37602 5216.07555  2452.213  1.474246 -0.000450  628.740
 276                                 1   0.130                  732.38855 5216.20494  2452.213  1.474246 -0.000450  628.870
 277                                 1   0.670                  732.45314 5216.87182  2452.213  1.474246 -0.000450  629.540
 278                                 1   0.441                  732.49565 5217.31077  2452.212  1.474246 -0.000450  629.981
 279 XWCA021628  MWPC 9,10           9   0.060 0.000000   0.00  732.50143 5217.37049  2452.212  1.474246 -0.000450  630.041
 280 XSCI021628  TRIG10              9   0.100 0.000000   0.00  732.51107 5217.47002  2452.212  1.474246 -0.000450  630.141
 281                                 1   0.130                  732.52361 5217.59942  2452.212  1.474246 -0.000450  630.271
 282                                 1   0.200                  732.54289 5217.79849  2452.212  1.474246 -0.000450  630.471
 283                                 1   0.300                  732.57181 5218.09709  2452.212  1.474246 -0.000450  630.771
 284 XCON021631  TVLE (Cu, 300 mm)  16   0.000 0.000000   0.00  732.57181 5218.09709  2452.212  1.474246 -0.000450  630.771
